{
  "RSpec": {
    "coverage": {
      "/Users/davidm/Documents/IronYard/Projects/yardbook/app/controllers/admins_controller.rb": [
        1,
        1,
        null,
        1,
        null,
        1,
        1,
        1,
        1,
        1,
        null,
        null,
        1,
        1,
        1,
        1,
        null,
        null,
        1,
        1,
        1,
        2,
        2,
        2,
        null,
        null,
        1,
        1,
        1,
        1,
        2,
        2,
        null,
        null,
        1,
        1,
        1,
        1,
        1,
        null,
        null,
        1,
        1,
        4,
        null,
        null,
        1,
        4,
        null,
        null,
        null,
        null,
        null
      ],
      "/Users/davidm/Documents/IronYard/Projects/yardbook/app/controllers/application_controller.rb": [
        1,
        null,
        null,
        1,
        1,
        null,
        1,
        23,
        null,
        null
      ],
      "/Users/davidm/Documents/IronYard/Projects/yardbook/app/controllers/users_controller.rb": [
        1,
        1,
        null,
        1,
        1,
        1,
        1,
        null,
        null,
        1,
        10,
        10,
        null,
        null,
        1,
        11,
        11,
        11,
        null,
        null,
        1,
        10,
        10,
        10,
        10,
        10,
        null,
        null,
        1,
        10,
        10,
        10,
        10,
        null,
        null,
        1,
        10,
        10,
        10,
        10,
        10,
        null,
        null,
        null
      ],
      "/Users/davidm/Documents/IronYard/Projects/yardbook/spec/controllers/sessions_controller_spec.rb": [
        1,
        null,
        1,
        1,
        4,
        4,
        null,
        null,
        1,
        4,
        4,
        4,
        null,
        null,
        1,
        1,
        null,
        null,
        1,
        1,
        1,
        null,
        null,
        1,
        1,
        1,
        null,
        null,
        1,
        1,
        1,
        1,
        1,
        null,
        null
      ],
      "/Users/davidm/Documents/IronYard/Projects/yardbook/app/controllers/sessions_controller.rb": [
        1,
        1,
        1,
        1,
        4,
        2,
        2,
        null,
        null,
        1,
        2,
        null,
        null,
        1,
        1,
        1,
        null,
        null,
        1,
        null,
        1,
        1,
        null,
        null
      ],
      "/Users/davidm/Documents/IronYard/Projects/yardbook/spec/controllers/students_controller_spec.rb": [
        1,
        null,
        1,
        1,
        1,
        1,
        1,
        1,
        1,
        1,
        null,
        null,
        null,
        1,
        1,
        1,
        1,
        1,
        1,
        1,
        null,
        null,
        null,
        1,
        3,
        null,
        1,
        4,
        1,
        1,
        1,
        null,
        null,
        1,
        1,
        1,
        null,
        null,
        1,
        2,
        2,
        null,
        null,
        null,
        1,
        3,
        null,
        1,
        1,
        1,
        1,
        null,
        null,
        1,
        1,
        1,
        1,
        null,
        null,
        null,
        1,
        1,
        4,
        1,
        2,
        null,
        null
      ],
      "/Users/davidm/Documents/IronYard/Projects/yardbook/app/controllers/students_controller.rb": [
        1,
        1,
        null,
        1,
        null,
        1,
        1,
        1,
        1,
        1,
        null,
        null,
        1,
        1,
        1,
        1,
        null,
        null,
        1,
        1,
        1,
        2,
        2,
        2,
        null,
        null,
        1,
        1,
        1,
        1,
        2,
        2,
        null,
        null,
        1,
        1,
        1,
        1,
        1,
        null,
        null,
        1,
        1,
        4,
        null,
        null,
        1,
        4,
        null,
        null,
        null,
        null
      ],
      "/Users/davidm/Documents/IronYard/Projects/yardbook/spec/controllers/users_controller_spec.rb": [
        1,
        null,
        1,
        1,
        1,
        1,
        1,
        1,
        1,
        1,
        1,
        null,
        null,
        null,
        null,
        null,
        null,
        null,
        null,
        null,
        null,
        null,
        null,
        null,
        null,
        null,
        null,
        null,
        null,
        null,
        null,
        null,
        null,
        null,
        null,
        null,
        null,
        null,
        null,
        null,
        null,
        null,
        null,
        null,
        null
      ],
      "/Users/davidm/Documents/IronYard/Projects/yardbook/spec/controllers/welcome_controller_spec.rb": [
        1,
        null,
        1,
        null,
        1,
        1,
        1,
        1,
        null,
        null,
        null,
        null
      ],
      "/Users/davidm/Documents/IronYard/Projects/yardbook/app/controllers/welcome_controller.rb": [
        1,
        1,
        1,
        null,
        null
      ],
      "/Users/davidm/Documents/IronYard/Projects/yardbook/spec/models/user_spec.rb": [
        1,
        null,
        1,
        2,
        2,
        2,
        null
      ],
      "/Users/davidm/Documents/IronYard/Projects/yardbook/spec/factories/admin.rb": [
        1,
        1,
        1,
        1,
        1,
        1,
        1,
        1,
        1,
        1,
        1,
        1,
        1,
        1,
        1,
        null,
        null
      ],
      "/Users/davidm/Documents/IronYard/Projects/yardbook/spec/factories/student.rb": [
        1,
        1,
        1,
        1,
        1,
        1,
        1,
        1,
        1,
        1,
        1,
        1,
        1,
        1,
        1,
        null,
        null
      ],
      "/Users/davidm/Documents/IronYard/Projects/yardbook/spec/factories/user.rb": [
        1,
        1,
        1,
        1,
        1,
        1,
        1,
        1,
        1,
        1,
        1,
        1,
        1,
        1,
        1,
        null,
        null
      ],
      "/Users/davidm/Documents/IronYard/Projects/yardbook/app/models/admin.rb": [
        1,
        null
      ],
      "/Users/davidm/Documents/IronYard/Projects/yardbook/app/serializers/admin_serializer.rb": [
        1,
        1,
        null,
        1,
        4,
        null,
        null
      ],
      "/Users/davidm/Documents/IronYard/Projects/yardbook/app/models/student.rb": [
        1,
        null
      ],
      "/Users/davidm/Documents/IronYard/Projects/yardbook/app/serializers/student_serializer.rb": [
        1,
        1,
        null,
        1,
        4,
        null,
        null
      ],
      "/Users/davidm/Documents/IronYard/Projects/yardbook/app/serializers/user_serializer.rb": [
        1,
        1,
        null,
        1,
        2,
        null,
        null
      ]
    },
    "timestamp": 1406512723
  }
}
